<?xml version="1.0" encoding="UTF-8"?>
<!-- Generated by org.testng.reporters.JUnitReportReporter -->
<testsuite skipped="0" hostname="DESKTOP-D8HNM4S" name="tests.AmazonLoginTestDataProviderClass" tests="3" failures="0" timestamp="2020-11-13T01:07:57 IST" time="37.048" errors="0">
  <testcase name="launchSite" time="28.841" classname="tests.AmazonLoginTestDataProviderClass"/>
  <system-out/>
  <testcase name="loginOperation" time="6.371" classname="tests.AmazonLoginTestDataProviderClass"/>
  <system-out>
Invalid email test passed  </system-out>
  <testcase name="closeSite" time="1.836" classname="tests.AmazonLoginTestDataProviderClass"/>
  <system-out/>
</testsuite> <!-- tests.AmazonLoginTestDataProviderClass -->
