<?xml version="1.0" encoding="UTF-8"?>
<!-- Generated by org.testng.reporters.JUnitReportReporter -->
<testsuite skipped="0" hostname="DESKTOP-D8HNM4S" name="tests.AmazonLoginTestDataProviderExcel" tests="3" failures="0" timestamp="2020-11-13T01:35:38 IST" time="47.851" errors="0">
  <testcase name="launchSite" time="36.972" classname="tests.AmazonLoginTestDataProviderExcel"/>
  <system-out/>
  <testcase name="loginOperation" time="9.884" classname="tests.AmazonLoginTestDataProviderExcel"/>
  <system-out>
Invalid email test passed  </system-out>
  <testcase name="closeSite" time="0.995" classname="tests.AmazonLoginTestDataProviderExcel"/>
  <system-out/>
</testsuite> <!-- tests.AmazonLoginTestDataProviderExcel -->
