<?xml version="1.0" encoding="UTF-8"?>
<!-- Generated by org.testng.reporters.JUnitReportReporter -->
<testsuite skipped="0" hostname="DESKTOP-D8HNM4S" name="tests.AmazonLoginTestDataProvider" tests="3" failures="0" timestamp="2020-11-13T01:05:20 IST" time="55.742" errors="0">
  <testcase name="launchSite" time="46.990" classname="tests.AmazonLoginTestDataProvider"/>
  <system-out/>
  <testcase name="loginOperation" time="7.622" classname="tests.AmazonLoginTestDataProvider"/>
  <system-out>
Invalid email test passed  </system-out>
  <testcase name="closeSite" time="1.130" classname="tests.AmazonLoginTestDataProvider"/>
  <system-out/>
</testsuite> <!-- tests.AmazonLoginTestDataProvider -->
