<?xml version="1.0" encoding="UTF-8"?>
<!-- Generated by org.testng.reporters.JUnitReportReporter -->
<testsuite skipped="0" hostname="DESKTOP-D8HNM4S" name="tests.AmazonLoginTest" tests="18" failures="0" timestamp="2020-11-12T21:34:36 IST" time="421.492" errors="0">
  <testcase name="launchSite" time="44.982" classname="tests.AmazonLoginTest"/>
  <system-out/>
  <testcase name="launchSite" time="48.225" classname="tests.AmazonLoginTest"/>
  <system-out/>
  <testcase name="launchSite" time="58.140" classname="tests.AmazonLoginTest"/>
  <system-out/>
  <testcase name="launchSite" time="63.237" classname="tests.AmazonLoginTest"/>
  <system-out/>
  <testcase name="launchSite" time="57.529" classname="tests.AmazonLoginTest"/>
  <system-out/>
  <testcase name="launchSite" time="43.972" classname="tests.AmazonLoginTest"/>
  <system-out/>
  <testcase name="loginOperation" time="13.906" classname="tests.AmazonLoginTest"/>
  <system-out>
Valid email/phone test passed Blank Pwd test passed  </system-out>
  <testcase name="loginOperation" time="8.105" classname="tests.AmazonLoginTest"/>
  <system-out>
Blank email/phone test passed  </system-out>
  <testcase name="loginOperation" time="12.203" classname="tests.AmazonLoginTest"/>
  <system-out>
Valid email/phone test passed Invalid Pwd test passed  </system-out>
  <testcase name="loginOperation" time="13.495" classname="tests.AmazonLoginTest"/>
  <system-out>
Invalid mbno test passed  </system-out>
  <testcase name="loginOperation" time="10.851" classname="tests.AmazonLoginTest"/>
  <system-out>
Invalid email test passed  </system-out>
  <testcase name="loginOperation" time="24.910" classname="tests.AmazonLoginTest"/>
  <system-out>
Valid email/phone test passed Valid Pwd test passed  </system-out>
  <testcase name="closeSite" time="0.129" classname="tests.AmazonLoginTest"/>
  <system-out/>
  <testcase name="closeSite" time="8.325" classname="tests.AmazonLoginTest"/>
  <system-out/>
  <testcase name="closeSite" time="0.336" classname="tests.AmazonLoginTest"/>
  <system-out/>
  <testcase name="closeSite" time="0.115" classname="tests.AmazonLoginTest"/>
  <system-out/>
  <testcase name="closeSite" time="10.211" classname="tests.AmazonLoginTest"/>
  <system-out/>
  <testcase name="closeSite" time="2.821" classname="tests.AmazonLoginTest"/>
  <system-out/>
</testsuite> <!-- tests.AmazonLoginTest -->
